26.7.2018 19:53:15 - ERROR::PROGRAM::LINKING_FAILED
26.7.2018 19:53:15 - 
26.7.2018 19:54:54 - ERROR::PROGRAM::LINKING_FAILED
26.7.2018 19:54:54 - 
26.7.2018 20:50:11 - ERROR::PROGRAM::LINKING_FAILED
26.7.2018 20:50:11 - Fragment info
-------------
0(3) : error C5215: Integer varying test must be flat

